<?xml version="1.0" encoding="UTF-8"?>
<testsuite xmlns:xsi="http://www.w3.org/2001/XMLSchema-instance" xsi:noNamespaceSchemaLocation="https://maven.apache.org/surefire/maven-surefire-plugin/xsd/surefire-test-report.xsd" name="TestCucumber" time="0.721" tests="48" errors="0" skipped="39" failures="0">
  <properties>
    <property name="gopherProxySet" value="false"/>
    <property name="awt.toolkit" value="sun.lwawt.macosx.LWCToolkit"/>
    <property name="java.specification.version" value="11"/>
    <property name="sun.cpu.isalist" value=""/>
    <property name="sun.jnu.encoding" value="UTF-8"/>
    <property name="java.class.path" value="/Users/hirandasharidassomaletha/Projects/ForEvaluation/weather-tracker-alk84fk99gr/target/test-classes:/Users/hirandasharidassomaletha/Projects/ForEvaluation/weather-tracker-alk84fk99gr/target/classes:/Users/hirandasharidassomaletha/.m2/repository/org/springframework/boot/spring-boot-starter-web/2.0.4.RELEASE/spring-boot-starter-web-2.0.4.RELEASE.jar:/Users/hirandasharidassomaletha/.m2/repository/org/springframework/boot/spring-boot-starter/2.0.4.RELEASE/spring-boot-starter-2.0.4.RELEASE.jar:/Users/hirandasharidassomaletha/.m2/repository/org/springframework/boot/spring-boot/2.0.4.RELEASE/spring-boot-2.0.4.RELEASE.jar:/Users/hirandasharidassomaletha/.m2/repository/org/springframework/boot/spring-boot-autoconfigure/2.0.4.RELEASE/spring-boot-autoconfigure-2.0.4.RELEASE.jar:/Users/hirandasharidassomaletha/.m2/repository/org/springframework/boot/spring-boot-starter-logging/2.0.4.RELEASE/spring-boot-starter-logging-2.0.4.RELEASE.jar:/Users/hirandasharidassomaletha/.m2/repository/ch/qos/logback/logback-classic/1.2.3/logback-classic-1.2.3.jar:/Users/hirandasharidassomaletha/.m2/repository/ch/qos/logback/logback-core/1.2.3/logback-core-1.2.3.jar:/Users/hirandasharidassomaletha/.m2/repository/org/slf4j/slf4j-api/1.7.25/slf4j-api-1.7.25.jar:/Users/hirandasharidassomaletha/.m2/repository/org/apache/logging/log4j/log4j-to-slf4j/2.10.0/log4j-to-slf4j-2.10.0.jar:/Users/hirandasharidassomaletha/.m2/repository/org/apache/logging/log4j/log4j-api/2.10.0/log4j-api-2.10.0.jar:/Users/hirandasharidassomaletha/.m2/repository/org/slf4j/jul-to-slf4j/1.7.25/jul-to-slf4j-1.7.25.jar:/Users/hirandasharidassomaletha/.m2/repository/javax/annotation/javax.annotation-api/1.3.2/javax.annotation-api-1.3.2.jar:/Users/hirandasharidassomaletha/.m2/repository/org/springframework/spring-core/5.0.8.RELEASE/spring-core-5.0.8.RELEASE.jar:/Users/hirandasharidassomaletha/.m2/repository/org/springframework/spring-jcl/5.0.8.RELEASE/spring-jcl-5.0.8.RELEASE.jar:/Users/hirandasharidassomaletha/.m2/repository/org/yaml/snakeyaml/1.19/snakeyaml-1.19.jar:/Users/hirandasharidassomaletha/.m2/repository/org/springframework/boot/spring-boot-starter-json/2.0.4.RELEASE/spring-boot-starter-json-2.0.4.RELEASE.jar:/Users/hirandasharidassomaletha/.m2/repository/com/fasterxml/jackson/core/jackson-databind/2.9.6/jackson-databind-2.9.6.jar:/Users/hirandasharidassomaletha/.m2/repository/com/fasterxml/jackson/core/jackson-annotations/2.9.0/jackson-annotations-2.9.0.jar:/Users/hirandasharidassomaletha/.m2/repository/com/fasterxml/jackson/core/jackson-core/2.9.6/jackson-core-2.9.6.jar:/Users/hirandasharidassomaletha/.m2/repository/com/fasterxml/jackson/datatype/jackson-datatype-jdk8/2.9.6/jackson-datatype-jdk8-2.9.6.jar:/Users/hirandasharidassomaletha/.m2/repository/com/fasterxml/jackson/datatype/jackson-datatype-jsr310/2.9.6/jackson-datatype-jsr310-2.9.6.jar:/Users/hirandasharidassomaletha/.m2/repository/com/fasterxml/jackson/module/jackson-module-parameter-names/2.9.6/jackson-module-parameter-names-2.9.6.jar:/Users/hirandasharidassomaletha/.m2/repository/org/springframework/boot/spring-boot-starter-tomcat/2.0.4.RELEASE/spring-boot-starter-tomcat-2.0.4.RELEASE.jar:/Users/hirandasharidassomaletha/.m2/repository/org/apache/tomcat/embed/tomcat-embed-core/8.5.32/tomcat-embed-core-8.5.32.jar:/Users/hirandasharidassomaletha/.m2/repository/org/apache/tomcat/embed/tomcat-embed-el/8.5.32/tomcat-embed-el-8.5.32.jar:/Users/hirandasharidassomaletha/.m2/repository/org/apache/tomcat/embed/tomcat-embed-websocket/8.5.32/tomcat-embed-websocket-8.5.32.jar:/Users/hirandasharidassomaletha/.m2/repository/org/hibernate/validator/hibernate-validator/6.0.11.Final/hibernate-validator-6.0.11.Final.jar:/Users/hirandasharidassomaletha/.m2/repository/javax/validation/validation-api/2.0.1.Final/validation-api-2.0.1.Final.jar:/Users/hirandasharidassomaletha/.m2/repository/org/jboss/logging/jboss-logging/3.3.2.Final/jboss-logging-3.3.2.Final.jar:/Users/hirandasharidassomaletha/.m2/repository/com/fasterxml/classmate/1.3.4/classmate-1.3.4.jar:/Users/hirandasharidassomaletha/.m2/repository/org/openjfx/javafx.base/11.0.0-SNAPSHOT/javafx.base-11.0.0-SNAPSHOT.jar:/Users/hirandasharidassomaletha/.m2/repository/org/openjfx/javafx.base/11.0.0-SNAPSHOT/javafx.base-11.0.0-SNAPSHOT-linux.jar:/Users/hirandasharidassomaletha/.m2/repository/org/openjfx/javafx.base/11.0.0-SNAPSHOT/javafx.base-11.0.0-SNAPSHOT-mac.jar:/Users/hirandasharidassomaletha/.m2/repository/org/openjfx/javafx.base/11.0.0-SNAPSHOT/javafx.base-11.0.0-SNAPSHOT-win.jar:/Users/hirandasharidassomaletha/.m2/repository/org/springframework/spring-web/5.0.8.RELEASE/spring-web-5.0.8.RELEASE.jar:/Users/hirandasharidassomaletha/.m2/repository/org/springframework/spring-beans/5.0.8.RELEASE/spring-beans-5.0.8.RELEASE.jar:/Users/hirandasharidassomaletha/.m2/repository/org/springframework/spring-webmvc/5.0.8.RELEASE/spring-webmvc-5.0.8.RELEASE.jar:/Users/hirandasharidassomaletha/.m2/repository/org/springframework/spring-aop/5.0.8.RELEASE/spring-aop-5.0.8.RELEASE.jar:/Users/hirandasharidassomaletha/.m2/repository/org/springframework/spring-context/5.0.8.RELEASE/spring-context-5.0.8.RELEASE.jar:/Users/hirandasharidassomaletha/.m2/repository/org/springframework/spring-expression/5.0.8.RELEASE/spring-expression-5.0.8.RELEASE.jar:/Users/hirandasharidassomaletha/.m2/repository/info/cukes/cucumber-java/1.2.4/cucumber-java-1.2.4.jar:/Users/hirandasharidassomaletha/.m2/repository/info/cukes/cucumber-core/1.2.4/cucumber-core-1.2.4.jar:/Users/hirandasharidassomaletha/.m2/repository/info/cukes/cucumber-html/0.2.3/cucumber-html-0.2.3.jar:/Users/hirandasharidassomaletha/.m2/repository/info/cukes/cucumber-jvm-deps/1.0.5/cucumber-jvm-deps-1.0.5.jar:/Users/hirandasharidassomaletha/.m2/repository/info/cukes/gherkin/2.12.2/gherkin-2.12.2.jar:/Users/hirandasharidassomaletha/.m2/repository/info/cukes/cucumber-junit/1.2.4/cucumber-junit-1.2.4.jar:/Users/hirandasharidassomaletha/.m2/repository/junit/junit/4.12/junit-4.12.jar:/Users/hirandasharidassomaletha/.m2/repository/org/hamcrest/hamcrest-core/1.3/hamcrest-core-1.3.jar:/Users/hirandasharidassomaletha/.m2/repository/info/cukes/cucumber-spring/1.2.4/cucumber-spring-1.2.4.jar:"/>
    <property name="java.vm.vendor" value="Oracle Corporation"/>
    <property name="sun.arch.data.model" value="64"/>
    <property name="java.vendor.url" value="http://java.oracle.com/"/>
    <property name="user.timezone" value=""/>
    <property name="java.vm.specification.version" value="11"/>
    <property name="os.name" value="Mac OS X"/>
    <property name="sun.java.launcher" value="SUN_STANDARD"/>
    <property name="user.country" value="US"/>
    <property name="sun.boot.library.path" value="/Library/Java/JavaVirtualMachines/jdk-11.0.1.jdk/Contents/Home/lib"/>
    <property name="sun.java.command" value="/Users/hirandasharidassomaletha/Projects/ForEvaluation/weather-tracker-alk84fk99gr/target/surefire/surefirebooter2708347572762495851.jar /Users/hirandasharidassomaletha/Projects/ForEvaluation/weather-tracker-alk84fk99gr/target/surefire 2019-02-18T21-17-43_414-jvmRun1 surefire10587408060496311647tmp surefire_03339276963965292217tmp"/>
    <property name="http.nonProxyHosts" value="local|*.local|169.254/16|*.169.254/16"/>
    <property name="jdk.debug" value="release"/>
    <property name="surefire.test.class.path" value="/Users/hirandasharidassomaletha/Projects/ForEvaluation/weather-tracker-alk84fk99gr/target/test-classes:/Users/hirandasharidassomaletha/Projects/ForEvaluation/weather-tracker-alk84fk99gr/target/classes:/Users/hirandasharidassomaletha/.m2/repository/org/springframework/boot/spring-boot-starter-web/2.0.4.RELEASE/spring-boot-starter-web-2.0.4.RELEASE.jar:/Users/hirandasharidassomaletha/.m2/repository/org/springframework/boot/spring-boot-starter/2.0.4.RELEASE/spring-boot-starter-2.0.4.RELEASE.jar:/Users/hirandasharidassomaletha/.m2/repository/org/springframework/boot/spring-boot/2.0.4.RELEASE/spring-boot-2.0.4.RELEASE.jar:/Users/hirandasharidassomaletha/.m2/repository/org/springframework/boot/spring-boot-autoconfigure/2.0.4.RELEASE/spring-boot-autoconfigure-2.0.4.RELEASE.jar:/Users/hirandasharidassomaletha/.m2/repository/org/springframework/boot/spring-boot-starter-logging/2.0.4.RELEASE/spring-boot-starter-logging-2.0.4.RELEASE.jar:/Users/hirandasharidassomaletha/.m2/repository/ch/qos/logback/logback-classic/1.2.3/logback-classic-1.2.3.jar:/Users/hirandasharidassomaletha/.m2/repository/ch/qos/logback/logback-core/1.2.3/logback-core-1.2.3.jar:/Users/hirandasharidassomaletha/.m2/repository/org/slf4j/slf4j-api/1.7.25/slf4j-api-1.7.25.jar:/Users/hirandasharidassomaletha/.m2/repository/org/apache/logging/log4j/log4j-to-slf4j/2.10.0/log4j-to-slf4j-2.10.0.jar:/Users/hirandasharidassomaletha/.m2/repository/org/apache/logging/log4j/log4j-api/2.10.0/log4j-api-2.10.0.jar:/Users/hirandasharidassomaletha/.m2/repository/org/slf4j/jul-to-slf4j/1.7.25/jul-to-slf4j-1.7.25.jar:/Users/hirandasharidassomaletha/.m2/repository/javax/annotation/javax.annotation-api/1.3.2/javax.annotation-api-1.3.2.jar:/Users/hirandasharidassomaletha/.m2/repository/org/springframework/spring-core/5.0.8.RELEASE/spring-core-5.0.8.RELEASE.jar:/Users/hirandasharidassomaletha/.m2/repository/org/springframework/spring-jcl/5.0.8.RELEASE/spring-jcl-5.0.8.RELEASE.jar:/Users/hirandasharidassomaletha/.m2/repository/org/yaml/snakeyaml/1.19/snakeyaml-1.19.jar:/Users/hirandasharidassomaletha/.m2/repository/org/springframework/boot/spring-boot-starter-json/2.0.4.RELEASE/spring-boot-starter-json-2.0.4.RELEASE.jar:/Users/hirandasharidassomaletha/.m2/repository/com/fasterxml/jackson/core/jackson-databind/2.9.6/jackson-databind-2.9.6.jar:/Users/hirandasharidassomaletha/.m2/repository/com/fasterxml/jackson/core/jackson-annotations/2.9.0/jackson-annotations-2.9.0.jar:/Users/hirandasharidassomaletha/.m2/repository/com/fasterxml/jackson/core/jackson-core/2.9.6/jackson-core-2.9.6.jar:/Users/hirandasharidassomaletha/.m2/repository/com/fasterxml/jackson/datatype/jackson-datatype-jdk8/2.9.6/jackson-datatype-jdk8-2.9.6.jar:/Users/hirandasharidassomaletha/.m2/repository/com/fasterxml/jackson/datatype/jackson-datatype-jsr310/2.9.6/jackson-datatype-jsr310-2.9.6.jar:/Users/hirandasharidassomaletha/.m2/repository/com/fasterxml/jackson/module/jackson-module-parameter-names/2.9.6/jackson-module-parameter-names-2.9.6.jar:/Users/hirandasharidassomaletha/.m2/repository/org/springframework/boot/spring-boot-starter-tomcat/2.0.4.RELEASE/spring-boot-starter-tomcat-2.0.4.RELEASE.jar:/Users/hirandasharidassomaletha/.m2/repository/org/apache/tomcat/embed/tomcat-embed-core/8.5.32/tomcat-embed-core-8.5.32.jar:/Users/hirandasharidassomaletha/.m2/repository/org/apache/tomcat/embed/tomcat-embed-el/8.5.32/tomcat-embed-el-8.5.32.jar:/Users/hirandasharidassomaletha/.m2/repository/org/apache/tomcat/embed/tomcat-embed-websocket/8.5.32/tomcat-embed-websocket-8.5.32.jar:/Users/hirandasharidassomaletha/.m2/repository/org/hibernate/validator/hibernate-validator/6.0.11.Final/hibernate-validator-6.0.11.Final.jar:/Users/hirandasharidassomaletha/.m2/repository/javax/validation/validation-api/2.0.1.Final/validation-api-2.0.1.Final.jar:/Users/hirandasharidassomaletha/.m2/repository/org/jboss/logging/jboss-logging/3.3.2.Final/jboss-logging-3.3.2.Final.jar:/Users/hirandasharidassomaletha/.m2/repository/com/fasterxml/classmate/1.3.4/classmate-1.3.4.jar:/Users/hirandasharidassomaletha/.m2/repository/org/openjfx/javafx.base/11.0.0-SNAPSHOT/javafx.base-11.0.0-SNAPSHOT.jar:/Users/hirandasharidassomaletha/.m2/repository/org/openjfx/javafx.base/11.0.0-SNAPSHOT/javafx.base-11.0.0-SNAPSHOT-linux.jar:/Users/hirandasharidassomaletha/.m2/repository/org/openjfx/javafx.base/11.0.0-SNAPSHOT/javafx.base-11.0.0-SNAPSHOT-mac.jar:/Users/hirandasharidassomaletha/.m2/repository/org/openjfx/javafx.base/11.0.0-SNAPSHOT/javafx.base-11.0.0-SNAPSHOT-win.jar:/Users/hirandasharidassomaletha/.m2/repository/org/springframework/spring-web/5.0.8.RELEASE/spring-web-5.0.8.RELEASE.jar:/Users/hirandasharidassomaletha/.m2/repository/org/springframework/spring-beans/5.0.8.RELEASE/spring-beans-5.0.8.RELEASE.jar:/Users/hirandasharidassomaletha/.m2/repository/org/springframework/spring-webmvc/5.0.8.RELEASE/spring-webmvc-5.0.8.RELEASE.jar:/Users/hirandasharidassomaletha/.m2/repository/org/springframework/spring-aop/5.0.8.RELEASE/spring-aop-5.0.8.RELEASE.jar:/Users/hirandasharidassomaletha/.m2/repository/org/springframework/spring-context/5.0.8.RELEASE/spring-context-5.0.8.RELEASE.jar:/Users/hirandasharidassomaletha/.m2/repository/org/springframework/spring-expression/5.0.8.RELEASE/spring-expression-5.0.8.RELEASE.jar:/Users/hirandasharidassomaletha/.m2/repository/info/cukes/cucumber-java/1.2.4/cucumber-java-1.2.4.jar:/Users/hirandasharidassomaletha/.m2/repository/info/cukes/cucumber-core/1.2.4/cucumber-core-1.2.4.jar:/Users/hirandasharidassomaletha/.m2/repository/info/cukes/cucumber-html/0.2.3/cucumber-html-0.2.3.jar:/Users/hirandasharidassomaletha/.m2/repository/info/cukes/cucumber-jvm-deps/1.0.5/cucumber-jvm-deps-1.0.5.jar:/Users/hirandasharidassomaletha/.m2/repository/info/cukes/gherkin/2.12.2/gherkin-2.12.2.jar:/Users/hirandasharidassomaletha/.m2/repository/info/cukes/cucumber-junit/1.2.4/cucumber-junit-1.2.4.jar:/Users/hirandasharidassomaletha/.m2/repository/junit/junit/4.12/junit-4.12.jar:/Users/hirandasharidassomaletha/.m2/repository/org/hamcrest/hamcrest-core/1.3/hamcrest-core-1.3.jar:/Users/hirandasharidassomaletha/.m2/repository/info/cukes/cucumber-spring/1.2.4/cucumber-spring-1.2.4.jar:"/>
    <property name="sun.cpu.endian" value="little"/>
    <property name="user.home" value="/Users/hirandasharidassomaletha"/>
    <property name="user.language" value="en"/>
    <property name="java.specification.vendor" value="Oracle Corporation"/>
    <property name="java.version.date" value="2018-10-16"/>
    <property name="java.home" value="/Library/Java/JavaVirtualMachines/jdk-11.0.1.jdk/Contents/Home"/>
    <property name="file.separator" value="/"/>
    <property name="basedir" value="/Users/hirandasharidassomaletha/Projects/ForEvaluation/weather-tracker-alk84fk99gr"/>
    <property name="java.vm.compressedOopsMode" value="Zero based"/>
    <property name="line.separator" value="&#10;"/>
    <property name="java.specification.name" value="Java Platform API Specification"/>
    <property name="java.vm.specification.vendor" value="Oracle Corporation"/>
    <property name="java.awt.graphicsenv" value="sun.awt.CGraphicsEnvironment"/>
    <property name="surefire.real.class.path" value="/Users/hirandasharidassomaletha/Projects/ForEvaluation/weather-tracker-alk84fk99gr/target/surefire/surefirebooter2708347572762495851.jar"/>
    <property name="sun.management.compiler" value="HotSpot 64-Bit Tiered Compilers"/>
    <property name="ftp.nonProxyHosts" value="local|*.local|169.254/16|*.169.254/16"/>
    <property name="java.runtime.version" value="11.0.1+13-LTS"/>
    <property name="user.name" value="hirandasharidassomaletha"/>
    <property name="path.separator" value=":"/>
    <property name="os.version" value="10.14.3"/>
    <property name="java.runtime.name" value="Java(TM) SE Runtime Environment"/>
    <property name="file.encoding" value="UTF-8"/>
    <property name="java.vm.name" value="Java HotSpot(TM) 64-Bit Server VM"/>
    <property name="java.vendor.version" value="18.9"/>
    <property name="localRepository" value="/Users/hirandasharidassomaletha/.m2/repository"/>
    <property name="java.vendor.url.bug" value="http://bugreport.java.com/bugreport/"/>
    <property name="java.io.tmpdir" value="/var/folders/nh/6yrr08nx55v2c9fj577_jtsh0000gn/T/"/>
    <property name="java.version" value="11.0.1"/>
    <property name="user.dir" value="/Users/hirandasharidassomaletha/Projects/ForEvaluation/weather-tracker-alk84fk99gr"/>
    <property name="os.arch" value="x86_64"/>
    <property name="java.vm.specification.name" value="Java Virtual Machine Specification"/>
    <property name="java.awt.printerjob" value="sun.lwawt.macosx.CPrinterJob"/>
    <property name="sun.os.patch.level" value="unknown"/>
    <property name="java.library.path" value="/Users/hirandasharidassomaletha/Library/Java/Extensions:/Library/Java/Extensions:/Network/Library/Java/Extensions:/System/Library/Java/Extensions:/usr/lib/java:."/>
    <property name="java.vendor" value="Oracle Corporation"/>
    <property name="java.vm.info" value="mixed mode"/>
    <property name="java.vm.version" value="11.0.1+13-LTS"/>
    <property name="sun.io.unicode.encoding" value="UnicodeBig"/>
    <property name="java.class.version" value="55.0"/>
    <property name="socksNonProxyHosts" value="local|*.local|169.254/16|*.169.254/16"/>
  </properties>
  <testcase name="When I submit a new measurement as follows:(Scenario: Add a measurement with valid " classname="numeric) values" time="0">
    <skipped/>
    <system-out><![CDATA[21:17:44.583 [main] DEBUG org.springframework.beans.factory.support.DefaultListableBeanFactory - Registering scope 'cucumber-glue' with implementation [cucumber.runtime.java.spring.GlueCodeScope@f0e995e]
]]></system-out>
  </testcase>
  <testcase name="Then the response has a status code of 201(Scenario: Add a measurement with valid " classname="numeric) values" time="0">
    <skipped/>
  </testcase>
  <testcase name="And the Location header has the path &quot;/measurements/2015-09-01T16:00:00.000Z&quot;(Scenario: Add a measurement with valid " classname="numeric) values" time="0">
    <skipped/>
  </testcase>
  <testcase name="Scenario: Add a measurement with valid " classname="Scenario: Add a measurement with valid (numeric) values" time="0">
    <skipped/>
  </testcase>
  <testcase name="Scenario: Add a measurement with valid " classname="Scenario: Add a measurement with valid (numeric) values" time="0.181"/>
  <testcase name="When I submit a new measurement as follows:" classname="Scenario: Cannot add a measurement with invalid values" time="0">
    <skipped/>
  </testcase>
  <testcase name="Then the response has a status code of 400" classname="Scenario: Cannot add a measurement with invalid values" time="0">
    <skipped/>
  </testcase>
  <testcase name="Scenario: Cannot add a measurement with invalid values" classname="Scenario: Cannot add a measurement with invalid values" time="0">
    <skipped/>
  </testcase>
  <testcase name="Scenario: Cannot add a measurement with invalid values" classname="Scenario: Cannot add a measurement with invalid values" time="0"/>
  <testcase name="When I submit a new measurement as follows:" classname="Scenario: Cannot add a measurement without a timestamp" time="0">
    <skipped/>
  </testcase>
  <testcase name="Then the response has a status code of 400" classname="Scenario: Cannot add a measurement without a timestamp" time="0">
    <skipped/>
  </testcase>
  <testcase name="Scenario: Cannot add a measurement without a timestamp" classname="Scenario: Cannot add a measurement without a timestamp" time="0">
    <skipped/>
  </testcase>
  <testcase name="Scenario: Cannot add a measurement without a timestamp" classname="Scenario: Cannot add a measurement without a timestamp" time="0.001"/>
  <testcase name="Given I have submitted new measurements as follows:" classname="Scenario: Get a specific measurement" time="0">
    <skipped/>
  </testcase>
  <testcase name="When I get a measurement for &quot;2015-09-01T16:20:00.000Z&quot;" classname="Scenario: Get a specific measurement" time="0">
    <skipped/>
  </testcase>
  <testcase name="Then the response has a status code of 200" classname="Scenario: Get a specific measurement" time="0">
    <skipped/>
  </testcase>
  <testcase name="And the response body is:" classname="Scenario: Get a specific measurement" time="0">
    <skipped/>
  </testcase>
  <testcase name="Scenario: Get a specific measurement" classname="Scenario: Get a specific measurement" time="0">
    <skipped/>
  </testcase>
  <testcase name="Scenario: Get a specific measurement" classname="Scenario: Get a specific measurement" time="0.001"/>
  <testcase name="Given I have submitted new measurements as follows:" classname="Scenario: Get a measurement that does not exist" time="0">
    <skipped/>
  </testcase>
  <testcase name="When I get a measurement for &quot;2015-09-01T16:50:00.000Z&quot;" classname="Scenario: Get a measurement that does not exist" time="0">
    <skipped/>
  </testcase>
  <testcase name="Then the response has a status code of 404" classname="Scenario: Get a measurement that does not exist" time="0">
    <skipped/>
  </testcase>
  <testcase name="Scenario: Get a measurement that does not exist" classname="Scenario: Get a measurement that does not exist" time="0">
    <skipped/>
  </testcase>
  <testcase name="Scenario: Get a measurement that does not exist" classname="Scenario: Get a measurement that does not exist" time="0.002"/>
  <testcase name="Given I have submitted new measurements as follows:" classname="Scenario: Get stats for a well-reported metric" time="0">
    <skipped/>
  </testcase>
  <testcase name="When I get stats with parameters:" classname="Scenario: Get stats for a well-reported metric" time="0">
    <skipped/>
  </testcase>
  <testcase name="Then the response has a status code of 200" classname="Scenario: Get stats for a well-reported metric" time="0">
    <skipped/>
  </testcase>
  <testcase name="And the response body is an array of:" classname="Scenario: Get stats for a well-reported metric" time="0">
    <skipped/>
  </testcase>
  <testcase name="Scenario: Get stats for a well-reported metric" classname="Scenario: Get stats for a well-reported metric" time="0">
    <skipped/>
  </testcase>
  <testcase name="Scenario: Get stats for a well-reported metric" classname="Scenario: Get stats for a well-reported metric" time="0.002"/>
  <testcase name="Given I have submitted new measurements as follows:" classname="Scenario: Get stats for a sparsely reported metric" time="0">
    <skipped/>
  </testcase>
  <testcase name="When I get stats with parameters:" classname="Scenario: Get stats for a sparsely reported metric" time="0">
    <skipped/>
  </testcase>
  <testcase name="Then the response has a status code of 200" classname="Scenario: Get stats for a sparsely reported metric" time="0">
    <skipped/>
  </testcase>
  <testcase name="And the response body is an array of:" classname="Scenario: Get stats for a sparsely reported metric" time="0">
    <skipped/>
  </testcase>
  <testcase name="Scenario: Get stats for a sparsely reported metric" classname="Scenario: Get stats for a sparsely reported metric" time="0">
    <skipped/>
  </testcase>
  <testcase name="Scenario: Get stats for a sparsely reported metric" classname="Scenario: Get stats for a sparsely reported metric" time="0.001"/>
  <testcase name="Given I have submitted new measurements as follows:" classname="Scenario: Get stats for a metric that has never been reported" time="0">
    <skipped/>
  </testcase>
  <testcase name="When I get stats with parameters:" classname="Scenario: Get stats for a metric that has never been reported" time="0">
    <skipped/>
  </testcase>
  <testcase name="Then the response has a status code of 200" classname="Scenario: Get stats for a metric that has never been reported" time="0">
    <skipped/>
  </testcase>
  <testcase name="And the response body is an empty array" classname="Scenario: Get stats for a metric that has never been reported" time="0">
    <skipped/>
  </testcase>
  <testcase name="Scenario: Get stats for a metric that has never been reported" classname="Scenario: Get stats for a metric that has never been reported" time="0">
    <skipped/>
  </testcase>
  <testcase name="Scenario: Get stats for a metric that has never been reported" classname="Scenario: Get stats for a metric that has never been reported" time="0.001"/>
  <testcase name="Given I have submitted new measurements as follows:" classname="Scenario: Get stats for more than one metric" time="0">
    <skipped/>
  </testcase>
  <testcase name="When I get stats with parameters:" classname="Scenario: Get stats for more than one metric" time="0">
    <skipped/>
  </testcase>
  <testcase name="Then the response has a status code of 200" classname="Scenario: Get stats for more than one metric" time="0">
    <skipped/>
  </testcase>
  <testcase name="And the response body is an array of:" classname="Scenario: Get stats for more than one metric" time="0">
    <skipped/>
  </testcase>
  <testcase name="Scenario: Get stats for more than one metric" classname="Scenario: Get stats for more than one metric" time="0">
    <skipped/>
  </testcase>
  <testcase name="Scenario: Get stats for more than one metric" classname="Scenario: Get stats for more than one metric" time="0.001"/>
</testsuite>